

Started GET "/assets/rails.png" for 127.0.0.1 at 2013-01-23 18:37:37 -0600
Connecting to database specified by database.yml
Served asset /rails.png - 200 OK (10ms)


Started GET "/" for 127.0.0.1 at 2013-01-23 18:56:44 -0600
Connecting to database specified by database.yml

ActionController::RoutingError - uninitialized constant StaticController:
  (gem) activesupport-3.2.11/lib/active_support/inflector/methods.rb:230:in `block in constantize'
  (gem) activesupport-3.2.11/lib/active_support/inflector/methods.rb:229:in `each'
  (gem) activesupport-3.2.11/lib/active_support/inflector/methods.rb:229:in `constantize'
  (gem) actionpack-3.2.11/lib/action_dispatch/routing/route_set.rb:69:in `controller_reference'
  (gem) actionpack-3.2.11/lib/action_dispatch/routing/route_set.rb:54:in `controller'
  (gem) actionpack-3.2.11/lib/action_dispatch/routing/route_set.rb:32:in `call'
  (gem) journey-1.0.4/lib/journey/router.rb:68:in `block in call'
  (gem) journey-1.0.4/lib/journey/router.rb:56:in `each'
  (gem) journey-1.0.4/lib/journey/router.rb:56:in `call'
  (gem) actionpack-3.2.11/lib/action_dispatch/routing/route_set.rb:601:in `call'
  (gem) better_errors-0.3.2/lib/better_errors/middleware.rb:51:in `app_call'
  (gem) better_errors-0.3.2/lib/better_errors/middleware.rb:45:in `call'
  (gem) sass-3.2.5/lib/sass/plugin/rack.rb:54:in `call'
  (gem) actionpack-3.2.11/lib/action_dispatch/middleware/best_standards_support.rb:17:in `call'
  (gem) rack-1.4.4/lib/rack/etag.rb:23:in `call'
  (gem) rack-1.4.4/lib/rack/conditionalget.rb:25:in `call'
  (gem) actionpack-3.2.11/lib/action_dispatch/middleware/head.rb:14:in `call'
  (gem) actionpack-3.2.11/lib/action_dispatch/middleware/params_parser.rb:21:in `call'
  (gem) actionpack-3.2.11/lib/action_dispatch/middleware/flash.rb:242:in `call'
  (gem) rack-1.4.4/lib/rack/session/abstract/id.rb:210:in `context'
  (gem) rack-1.4.4/lib/rack/session/abstract/id.rb:205:in `call'
  (gem) actionpack-3.2.11/lib/action_dispatch/middleware/cookies.rb:341:in `call'
  (gem) activerecord-3.2.11/lib/active_record/query_cache.rb:64:in `call'
  (gem) activerecord-3.2.11/lib/active_record/connection_adapters/abstract/connection_pool.rb:479:in `call'
  (gem) actionpack-3.2.11/lib/action_dispatch/middleware/callbacks.rb:28:in `block in call'
  (gem) activesupport-3.2.11/lib/active_support/callbacks.rb:405:in `_run__4491351583983421619__call__911363088143442022__callbacks'
  (gem) activesupport-3.2.11/lib/active_support/callbacks.rb:405:in `__run_callback'
  (gem) activesupport-3.2.11/lib/active_support/callbacks.rb:385:in `_run_call_callbacks'
  (gem) activesupport-3.2.11/lib/active_support/callbacks.rb:81:in `run_callbacks'
  (gem) actionpack-3.2.11/lib/action_dispatch/middleware/callbacks.rb:27:in `call'
  (gem) actionpack-3.2.11/lib/action_dispatch/middleware/reloader.rb:65:in `call'
  (gem) actionpack-3.2.11/lib/action_dispatch/middleware/remote_ip.rb:31:in `call'
  (gem) actionpack-3.2.11/lib/action_dispatch/middleware/debug_exceptions.rb:16:in `call'
  (gem) actionpack-3.2.11/lib/action_dispatch/middleware/show_exceptions.rb:56:in `call'
  (gem) railties-3.2.11/lib/rails/rack/logger.rb:32:in `call_app'
  (gem) railties-3.2.11/lib/rails/rack/logger.rb:16:in `block in call'
  (gem) activesupport-3.2.11/lib/active_support/tagged_logging.rb:22:in `tagged'
  (gem) railties-3.2.11/lib/rails/rack/logger.rb:16:in `call'
  (gem) actionpack-3.2.11/lib/action_dispatch/middleware/request_id.rb:22:in `call'
  (gem) rack-1.4.4/lib/rack/methodoverride.rb:21:in `call'
  (gem) rack-1.4.4/lib/rack/runtime.rb:17:in `call'
  (gem) activesupport-3.2.11/lib/active_support/cache/strategy/local_cache.rb:72:in `call'
  (gem) rack-1.4.4/lib/rack/lock.rb:15:in `call'
  (gem) actionpack-3.2.11/lib/action_dispatch/middleware/static.rb:62:in `call'
  (gem) railties-3.2.11/lib/rails/engine.rb:479:in `call'
  (gem) railties-3.2.11/lib/rails/application.rb:223:in `call'
  (gem) railties-3.2.11/lib/rails/railtie/configurable.rb:30:in `method_missing'
  /Users/wrburgess/Library/Application Support/Pow/Versions/0.4.0/node_modules/nack/lib/nack/server.rb:147:in `handle'
  /Users/wrburgess/Library/Application Support/Pow/Versions/0.4.0/node_modules/nack/lib/nack/server.rb:99:in `rescue in block (2 levels) in start'
  /Users/wrburgess/Library/Application Support/Pow/Versions/0.4.0/node_modules/nack/lib/nack/server.rb:96:in `block (2 levels) in start'
  /Users/wrburgess/Library/Application Support/Pow/Versions/0.4.0/node_modules/nack/lib/nack/server.rb:86:in `each'
  /Users/wrburgess/Library/Application Support/Pow/Versions/0.4.0/node_modules/nack/lib/nack/server.rb:86:in `block in start'
  /Users/wrburgess/Library/Application Support/Pow/Versions/0.4.0/node_modules/nack/lib/nack/server.rb:66:in `loop'
  /Users/wrburgess/Library/Application Support/Pow/Versions/0.4.0/node_modules/nack/lib/nack/server.rb:66:in `start'
  /Users/wrburgess/Library/Application Support/Pow/Versions/0.4.0/node_modules/nack/lib/nack/server.rb:13:in `run'
  /Users/wrburgess/Library/Application Support/Pow/Versions/0.4.0/node_modules/nack/bin/nack_worker:4:in `<main>'



Started POST "/__better_errors/70124727089200/variables" for 127.0.0.1 at 2013-01-23 18:56:45 -0600


Started GET "/" for 127.0.0.1 at 2013-01-23 18:58:28 -0600
Processing by Browser::StaticController#index as HTML
  Rendered browser/static/index.html.haml within layouts/application (0.8ms)
Compiled application.css  (0ms)  (pid 38464)
Completed 500 Internal Server Error in 85ms

Sprockets::FileNotFound - couldn't find file 'jquery'
  (in /Users/wrburgess/dev/jbrb/recipe/app/assets/javascripts/application.js:13):
  (gem) sprockets-2.2.2/lib/sprockets/context.rb:102:in `resolve'
  (gem) sprockets-2.2.2/lib/sprockets/context.rb:142:in `require_asset'
  (gem) sprockets-2.2.2/lib/sprockets/directive_processor.rb:215:in `process_require_directive'
  (gem) sprockets-2.2.2/lib/sprockets/directive_processor.rb:165:in `block in process_directives'
  (gem) sprockets-2.2.2/lib/sprockets/directive_processor.rb:163:in `each'
  (gem) sprockets-2.2.2/lib/sprockets/directive_processor.rb:163:in `process_directives'
  (gem) sprockets-2.2.2/lib/sprockets/directive_processor.rb:97:in `evaluate'
  (gem) tilt-1.3.3/lib/tilt/template.rb:76:in `render'
  (gem) sprockets-2.2.2/lib/sprockets/context.rb:193:in `block in evaluate'
  (gem) sprockets-2.2.2/lib/sprockets/context.rb:190:in `each'
  (gem) sprockets-2.2.2/lib/sprockets/context.rb:190:in `evaluate'
  (gem) sprockets-2.2.2/lib/sprockets/processed_asset.rb:12:in `initialize'
  (gem) sprockets-2.2.2/lib/sprockets/base.rb:249:in `new'
  (gem) sprockets-2.2.2/lib/sprockets/base.rb:249:in `block in build_asset'
  (gem) sprockets-2.2.2/lib/sprockets/base.rb:270:in `circular_call_protection'
  (gem) sprockets-2.2.2/lib/sprockets/base.rb:248:in `build_asset'
  (gem) sprockets-2.2.2/lib/sprockets/index.rb:93:in `block in build_asset'
  (gem) sprockets-2.2.2/lib/sprockets/caching.rb:19:in `cache_asset'
  (gem) sprockets-2.2.2/lib/sprockets/index.rb:92:in `build_asset'
  (gem) sprockets-2.2.2/lib/sprockets/base.rb:169:in `find_asset'
  (gem) sprockets-2.2.2/lib/sprockets/index.rb:60:in `find_asset'
  (gem) sprockets-2.2.2/lib/sprockets/bundled_asset.rb:16:in `initialize'
  (gem) sprockets-2.2.2/lib/sprockets/base.rb:252:in `new'
  (gem) sprockets-2.2.2/lib/sprockets/base.rb:252:in `build_asset'
  (gem) sprockets-2.2.2/lib/sprockets/index.rb:93:in `block in build_asset'
  (gem) sprockets-2.2.2/lib/sprockets/caching.rb:19:in `cache_asset'
  (gem) sprockets-2.2.2/lib/sprockets/index.rb:92:in `build_asset'
  (gem) sprockets-2.2.2/lib/sprockets/base.rb:169:in `find_asset'
  (gem) sprockets-2.2.2/lib/sprockets/index.rb:60:in `find_asset'
  (gem) sprockets-2.2.2/lib/sprockets/environment.rb:78:in `find_asset'
  (gem) sprockets-2.2.2/lib/sprockets/base.rb:177:in `[]'
  (gem) actionpack-3.2.11/lib/sprockets/helpers/rails_helper.rb:126:in `asset_for'
  (gem) actionpack-3.2.11/lib/sprockets/helpers/rails_helper.rb:27:in `block in javascript_include_tag'
  (gem) actionpack-3.2.11/lib/sprockets/helpers/rails_helper.rb:26:in `collect'
  (gem) actionpack-3.2.11/lib/sprockets/helpers/rails_helper.rb:26:in `javascript_include_tag'
  app/views/layouts/application.html.haml:10:in `_app_views_layouts_application_html_haml___626568698368635768_70124724214380'
  (gem) actionpack-3.2.11/lib/action_view/template.rb:145:in `block in render'
  (gem) activesupport-3.2.11/lib/active_support/notifications.rb:125:in `instrument'
  (gem) actionpack-3.2.11/lib/action_view/template.rb:143:in `render'
  (gem) actionpack-3.2.11/lib/action_view/renderer/template_renderer.rb:59:in `render_with_layout'
  (gem) actionpack-3.2.11/lib/action_view/renderer/template_renderer.rb:45:in `render_template'
  (gem) actionpack-3.2.11/lib/action_view/renderer/template_renderer.rb:18:in `render'
  (gem) actionpack-3.2.11/lib/action_view/renderer/renderer.rb:36:in `render_template'
  (gem) actionpack-3.2.11/lib/action_view/renderer/renderer.rb:17:in `render'
  (gem) actionpack-3.2.11/lib/abstract_controller/rendering.rb:110:in `_render_template'
  (gem) actionpack-3.2.11/lib/action_controller/metal/streaming.rb:225:in `_render_template'
  (gem) actionpack-3.2.11/lib/abstract_controller/rendering.rb:103:in `render_to_body'
  (gem) actionpack-3.2.11/lib/action_controller/metal/renderers.rb:28:in `render_to_body'
  (gem) actionpack-3.2.11/lib/action_controller/metal/compatibility.rb:50:in `render_to_body'
  (gem) actionpack-3.2.11/lib/abstract_controller/rendering.rb:88:in `render'
  (gem) actionpack-3.2.11/lib/action_controller/metal/rendering.rb:16:in `render'
  (gem) actionpack-3.2.11/lib/action_controller/metal/instrumentation.rb:40:in `block (2 levels) in render'
  (gem) activesupport-3.2.11/lib/active_support/core_ext/benchmark.rb:5:in `block in ms'
  /Users/wrburgess/.rvm/rubies/ruby-1.9.3-p194/lib/ruby/1.9.1/benchmark.rb:295:in `realtime'
  (gem) activesupport-3.2.11/lib/active_support/core_ext/benchmark.rb:5:in `ms'
  (gem) actionpack-3.2.11/lib/action_controller/metal/instrumentation.rb:40:in `block in render'
  (gem) actionpack-3.2.11/lib/action_controller/metal/instrumentation.rb:83:in `cleanup_view_runtime'
  (gem) activerecord-3.2.11/lib/active_record/railties/controller_runtime.rb:24:in `cleanup_view_runtime'
  (gem) actionpack-3.2.11/lib/action_controller/metal/instrumentation.rb:39:in `render'
  (gem) actionpack-3.2.11/lib/action_controller/metal/implicit_render.rb:10:in `default_render'
  (gem) actionpack-3.2.11/lib/action_controller/metal/implicit_render.rb:5:in `send_action'
  (gem) actionpack-3.2.11/lib/abstract_controller/base.rb:167:in `process_action'
  (gem) actionpack-3.2.11/lib/action_controller/metal/rendering.rb:10:in `process_action'
  (gem) actionpack-3.2.11/lib/abstract_controller/callbacks.rb:18:in `block in process_action'
  (gem) activesupport-3.2.11/lib/active_support/callbacks.rb:414:in `_run__2744991991205525475__process_action__2898178464781632871__callbacks'
  (gem) activesupport-3.2.11/lib/active_support/callbacks.rb:405:in `__run_callback'
  (gem) activesupport-3.2.11/lib/active_support/callbacks.rb:385:in `_run_process_action_callbacks'
  (gem) activesupport-3.2.11/lib/active_support/callbacks.rb:81:in `run_callbacks'
  (gem) actionpack-3.2.11/lib/abstract_controller/callbacks.rb:17:in `process_action'
  (gem) actionpack-3.2.11/lib/action_controller/metal/rescue.rb:29:in `process_action'
  (gem) actionpack-3.2.11/lib/action_controller/metal/instrumentation.rb:30:in `block in process_action'
  (gem) activesupport-3.2.11/lib/active_support/notifications.rb:123:in `block in instrument'
  (gem) activesupport-3.2.11/lib/active_support/notifications/instrumenter.rb:20:in `instrument'
  (gem) activesupport-3.2.11/lib/active_support/notifications.rb:123:in `instrument'
  (gem) actionpack-3.2.11/lib/action_controller/metal/instrumentation.rb:29:in `process_action'
  (gem) actionpack-3.2.11/lib/action_controller/metal/params_wrapper.rb:207:in `process_action'
  (gem) activerecord-3.2.11/lib/active_record/railties/controller_runtime.rb:18:in `process_action'
  (gem) actionpack-3.2.11/lib/abstract_controller/base.rb:121:in `process'
  (gem) actionpack-3.2.11/lib/abstract_controller/rendering.rb:45:in `process'
  (gem) actionpack-3.2.11/lib/action_controller/metal.rb:203:in `dispatch'
  (gem) actionpack-3.2.11/lib/action_controller/metal/rack_delegation.rb:14:in `dispatch'
  (gem) actionpack-3.2.11/lib/action_controller/metal.rb:246:in `block in action'
  (gem) actionpack-3.2.11/lib/action_dispatch/routing/route_set.rb:73:in `call'
  (gem) actionpack-3.2.11/lib/action_dispatch/routing/route_set.rb:73:in `dispatch'
  (gem) actionpack-3.2.11/lib/action_dispatch/routing/route_set.rb:36:in `call'
  (gem) journey-1.0.4/lib/journey/router.rb:68:in `block in call'
  (gem) journey-1.0.4/lib/journey/router.rb:56:in `each'
  (gem) journey-1.0.4/lib/journey/router.rb:56:in `call'
  (gem) actionpack-3.2.11/lib/action_dispatch/routing/route_set.rb:601:in `call'
  (gem) better_errors-0.3.2/lib/better_errors/middleware.rb:51:in `app_call'
  (gem) better_errors-0.3.2/lib/better_errors/middleware.rb:45:in `call'
  (gem) sass-3.2.5/lib/sass/plugin/rack.rb:54:in `call'
  (gem) actionpack-3.2.11/lib/action_dispatch/middleware/best_standards_support.rb:17:in `call'
  (gem) rack-1.4.4/lib/rack/etag.rb:23:in `call'
  (gem) rack-1.4.4/lib/rack/conditionalget.rb:25:in `call'
  (gem) actionpack-3.2.11/lib/action_dispatch/middleware/head.rb:14:in `call'
  (gem) actionpack-3.2.11/lib/action_dispatch/middleware/params_parser.rb:21:in `call'
  (gem) actionpack-3.2.11/lib/action_dispatch/middleware/flash.rb:242:in `call'
  (gem) rack-1.4.4/lib/rack/session/abstract/id.rb:210:in `context'
  (gem) rack-1.4.4/lib/rack/session/abstract/id.rb:205:in `call'
  (gem) actionpack-3.2.11/lib/action_dispatch/middleware/cookies.rb:341:in `call'
  (gem) activerecord-3.2.11/lib/active_record/query_cache.rb:64:in `call'
  (gem) activerecord-3.2.11/lib/active_record/connection_adapters/abstract/connection_pool.rb:479:in `call'
  (gem) actionpack-3.2.11/lib/action_dispatch/middleware/callbacks.rb:28:in `block in call'
  (gem) activesupport-3.2.11/lib/active_support/callbacks.rb:405:in `_run__4491351583983421619__call__911363088143442022__callbacks'
  (gem) activesupport-3.2.11/lib/active_support/callbacks.rb:405:in `__run_callback'
  (gem) activesupport-3.2.11/lib/active_support/callbacks.rb:385:in `_run_call_callbacks'
  (gem) activesupport-3.2.11/lib/active_support/callbacks.rb:81:in `run_callbacks'
  (gem) actionpack-3.2.11/lib/action_dispatch/middleware/callbacks.rb:27:in `call'
  (gem) actionpack-3.2.11/lib/action_dispatch/middleware/reloader.rb:65:in `call'
  (gem) actionpack-3.2.11/lib/action_dispatch/middleware/remote_ip.rb:31:in `call'
  (gem) actionpack-3.2.11/lib/action_dispatch/middleware/debug_exceptions.rb:16:in `call'
  (gem) actionpack-3.2.11/lib/action_dispatch/middleware/show_exceptions.rb:56:in `call'
  (gem) railties-3.2.11/lib/rails/rack/logger.rb:32:in `call_app'
  (gem) railties-3.2.11/lib/rails/rack/logger.rb:16:in `block in call'
  (gem) activesupport-3.2.11/lib/active_support/tagged_logging.rb:22:in `tagged'
  (gem) railties-3.2.11/lib/rails/rack/logger.rb:16:in `call'
  (gem) actionpack-3.2.11/lib/action_dispatch/middleware/request_id.rb:22:in `call'
  (gem) rack-1.4.4/lib/rack/methodoverride.rb:21:in `call'
  (gem) rack-1.4.4/lib/rack/runtime.rb:17:in `call'
  (gem) activesupport-3.2.11/lib/active_support/cache/strategy/local_cache.rb:72:in `call'
  (gem) rack-1.4.4/lib/rack/lock.rb:15:in `call'
  (gem) actionpack-3.2.11/lib/action_dispatch/middleware/static.rb:62:in `call'
  (gem) railties-3.2.11/lib/rails/engine.rb:479:in `call'
  (gem) railties-3.2.11/lib/rails/application.rb:223:in `call'
  (gem) railties-3.2.11/lib/rails/railtie/configurable.rb:30:in `method_missing'
  /Users/wrburgess/Library/Application Support/Pow/Versions/0.4.0/node_modules/nack/lib/nack/server.rb:147:in `handle'
  /Users/wrburgess/Library/Application Support/Pow/Versions/0.4.0/node_modules/nack/lib/nack/server.rb:99:in `rescue in block (2 levels) in start'
  /Users/wrburgess/Library/Application Support/Pow/Versions/0.4.0/node_modules/nack/lib/nack/server.rb:96:in `block (2 levels) in start'
  /Users/wrburgess/Library/Application Support/Pow/Versions/0.4.0/node_modules/nack/lib/nack/server.rb:86:in `each'
  /Users/wrburgess/Library/Application Support/Pow/Versions/0.4.0/node_modules/nack/lib/nack/server.rb:86:in `block in start'
  /Users/wrburgess/Library/Application Support/Pow/Versions/0.4.0/node_modules/nack/lib/nack/server.rb:66:in `loop'
  /Users/wrburgess/Library/Application Support/Pow/Versions/0.4.0/node_modules/nack/lib/nack/server.rb:66:in `start'
  /Users/wrburgess/Library/Application Support/Pow/Versions/0.4.0/node_modules/nack/lib/nack/server.rb:13:in `run'
  /Users/wrburgess/Library/Application Support/Pow/Versions/0.4.0/node_modules/nack/bin/nack_worker:4:in `<main>'



Started POST "/__better_errors/70124704817240/variables" for 127.0.0.1 at 2013-01-23 18:58:28 -0600


Started GET "/" for 127.0.0.1 at 2013-01-23 19:37:31 -0600
Connecting to database specified by database.yml
Processing by Browser::StaticController#index as HTML
  Rendered browser/static/index.html.haml within layouts/application (0.7ms)
Compiled style.css  (0ms)  (pid 38827)
Compiled application.css  (20ms)  (pid 38827)
Completed 500 Internal Server Error in 77ms

Sprockets::FileNotFound - couldn't find file 'lib/jquery-1.9.0'
  (in /Users/wrburgess/dev/jbrb/recipe/app/assets/javascripts/application.js:1):
  (gem) sprockets-2.2.2/lib/sprockets/context.rb:102:in `resolve'
  (gem) sprockets-2.2.2/lib/sprockets/context.rb:142:in `require_asset'
  (gem) sprockets-2.2.2/lib/sprockets/directive_processor.rb:215:in `process_require_directive'
  (gem) sprockets-2.2.2/lib/sprockets/directive_processor.rb:165:in `block in process_directives'
  (gem) sprockets-2.2.2/lib/sprockets/directive_processor.rb:163:in `each'
  (gem) sprockets-2.2.2/lib/sprockets/directive_processor.rb:163:in `process_directives'
  (gem) sprockets-2.2.2/lib/sprockets/directive_processor.rb:97:in `evaluate'
  (gem) tilt-1.3.3/lib/tilt/template.rb:76:in `render'
  (gem) sprockets-2.2.2/lib/sprockets/context.rb:193:in `block in evaluate'
  (gem) sprockets-2.2.2/lib/sprockets/context.rb:190:in `each'
  (gem) sprockets-2.2.2/lib/sprockets/context.rb:190:in `evaluate'
  (gem) sprockets-2.2.2/lib/sprockets/processed_asset.rb:12:in `initialize'
  (gem) sprockets-2.2.2/lib/sprockets/base.rb:249:in `new'
  (gem) sprockets-2.2.2/lib/sprockets/base.rb:249:in `block in build_asset'
  (gem) sprockets-2.2.2/lib/sprockets/base.rb:270:in `circular_call_protection'
  (gem) sprockets-2.2.2/lib/sprockets/base.rb:248:in `build_asset'
  (gem) sprockets-2.2.2/lib/sprockets/index.rb:93:in `block in build_asset'
  (gem) sprockets-2.2.2/lib/sprockets/caching.rb:19:in `cache_asset'
  (gem) sprockets-2.2.2/lib/sprockets/index.rb:92:in `build_asset'
  (gem) sprockets-2.2.2/lib/sprockets/base.rb:169:in `find_asset'
  (gem) sprockets-2.2.2/lib/sprockets/index.rb:60:in `find_asset'
  (gem) sprockets-2.2.2/lib/sprockets/bundled_asset.rb:16:in `initialize'
  (gem) sprockets-2.2.2/lib/sprockets/base.rb:252:in `new'
  (gem) sprockets-2.2.2/lib/sprockets/base.rb:252:in `build_asset'
  (gem) sprockets-2.2.2/lib/sprockets/index.rb:93:in `block in build_asset'
  (gem) sprockets-2.2.2/lib/sprockets/caching.rb:19:in `cache_asset'
  (gem) sprockets-2.2.2/lib/sprockets/index.rb:92:in `build_asset'
  (gem) sprockets-2.2.2/lib/sprockets/base.rb:169:in `find_asset'
  (gem) sprockets-2.2.2/lib/sprockets/index.rb:60:in `find_asset'
  (gem) sprockets-2.2.2/lib/sprockets/environment.rb:78:in `find_asset'
  (gem) sprockets-2.2.2/lib/sprockets/base.rb:177:in `[]'
  (gem) actionpack-3.2.11/lib/sprockets/helpers/rails_helper.rb:126:in `asset_for'
  (gem) actionpack-3.2.11/lib/sprockets/helpers/rails_helper.rb:27:in `block in javascript_include_tag'
  (gem) actionpack-3.2.11/lib/sprockets/helpers/rails_helper.rb:26:in `collect'
  (gem) actionpack-3.2.11/lib/sprockets/helpers/rails_helper.rb:26:in `javascript_include_tag'
  app/views/layouts/application.html.haml:10:in `_app_views_layouts_application_html_haml__1135806164931552419_70283738358420'
  (gem) actionpack-3.2.11/lib/action_view/template.rb:145:in `block in render'
  (gem) activesupport-3.2.11/lib/active_support/notifications.rb:125:in `instrument'
  (gem) actionpack-3.2.11/lib/action_view/template.rb:143:in `render'
  (gem) actionpack-3.2.11/lib/action_view/renderer/template_renderer.rb:59:in `render_with_layout'
  (gem) actionpack-3.2.11/lib/action_view/renderer/template_renderer.rb:45:in `render_template'
  (gem) actionpack-3.2.11/lib/action_view/renderer/template_renderer.rb:18:in `render'
  (gem) actionpack-3.2.11/lib/action_view/renderer/renderer.rb:36:in `render_template'
  (gem) actionpack-3.2.11/lib/action_view/renderer/renderer.rb:17:in `render'
  (gem) actionpack-3.2.11/lib/abstract_controller/rendering.rb:110:in `_render_template'
  (gem) actionpack-3.2.11/lib/action_controller/metal/streaming.rb:225:in `_render_template'
  (gem) actionpack-3.2.11/lib/abstract_controller/rendering.rb:103:in `render_to_body'
  (gem) actionpack-3.2.11/lib/action_controller/metal/renderers.rb:28:in `render_to_body'
  (gem) actionpack-3.2.11/lib/action_controller/metal/compatibility.rb:50:in `render_to_body'
  (gem) actionpack-3.2.11/lib/abstract_controller/rendering.rb:88:in `render'
  (gem) actionpack-3.2.11/lib/action_controller/metal/rendering.rb:16:in `render'
  (gem) actionpack-3.2.11/lib/action_controller/metal/instrumentation.rb:40:in `block (2 levels) in render'
  (gem) activesupport-3.2.11/lib/active_support/core_ext/benchmark.rb:5:in `block in ms'
  /Users/wrburgess/.rvm/rubies/ruby-1.9.3-p194/lib/ruby/1.9.1/benchmark.rb:295:in `realtime'
  (gem) activesupport-3.2.11/lib/active_support/core_ext/benchmark.rb:5:in `ms'
  (gem) actionpack-3.2.11/lib/action_controller/metal/instrumentation.rb:40:in `block in render'
  (gem) actionpack-3.2.11/lib/action_controller/metal/instrumentation.rb:83:in `cleanup_view_runtime'
  (gem) activerecord-3.2.11/lib/active_record/railties/controller_runtime.rb:24:in `cleanup_view_runtime'
  (gem) actionpack-3.2.11/lib/action_controller/metal/instrumentation.rb:39:in `render'
  (gem) actionpack-3.2.11/lib/action_controller/metal/implicit_render.rb:10:in `default_render'
  (gem) actionpack-3.2.11/lib/action_controller/metal/implicit_render.rb:5:in `send_action'
  (gem) actionpack-3.2.11/lib/abstract_controller/base.rb:167:in `process_action'
  (gem) actionpack-3.2.11/lib/action_controller/metal/rendering.rb:10:in `process_action'
  (gem) actionpack-3.2.11/lib/abstract_controller/callbacks.rb:18:in `block in process_action'
  (gem) activesupport-3.2.11/lib/active_support/callbacks.rb:414:in `_run__269404223262751038__process_action__4263600204722681925__callbacks'
  (gem) activesupport-3.2.11/lib/active_support/callbacks.rb:405:in `__run_callback'
  (gem) activesupport-3.2.11/lib/active_support/callbacks.rb:385:in `_run_process_action_callbacks'
  (gem) activesupport-3.2.11/lib/active_support/callbacks.rb:81:in `run_callbacks'
  (gem) actionpack-3.2.11/lib/abstract_controller/callbacks.rb:17:in `process_action'
  (gem) actionpack-3.2.11/lib/action_controller/metal/rescue.rb:29:in `process_action'
  (gem) actionpack-3.2.11/lib/action_controller/metal/instrumentation.rb:30:in `block in process_action'
  (gem) activesupport-3.2.11/lib/active_support/notifications.rb:123:in `block in instrument'
  (gem) activesupport-3.2.11/lib/active_support/notifications/instrumenter.rb:20:in `instrument'
  (gem) activesupport-3.2.11/lib/active_support/notifications.rb:123:in `instrument'
  (gem) actionpack-3.2.11/lib/action_controller/metal/instrumentation.rb:29:in `process_action'
  (gem) actionpack-3.2.11/lib/action_controller/metal/params_wrapper.rb:207:in `process_action'
  (gem) activerecord-3.2.11/lib/active_record/railties/controller_runtime.rb:18:in `process_action'
  (gem) actionpack-3.2.11/lib/abstract_controller/base.rb:121:in `process'
  (gem) actionpack-3.2.11/lib/abstract_controller/rendering.rb:45:in `process'
  (gem) actionpack-3.2.11/lib/action_controller/metal.rb:203:in `dispatch'
  (gem) actionpack-3.2.11/lib/action_controller/metal/rack_delegation.rb:14:in `dispatch'
  (gem) actionpack-3.2.11/lib/action_controller/metal.rb:246:in `block in action'
  (gem) actionpack-3.2.11/lib/action_dispatch/routing/route_set.rb:73:in `call'
  (gem) actionpack-3.2.11/lib/action_dispatch/routing/route_set.rb:73:in `dispatch'
  (gem) actionpack-3.2.11/lib/action_dispatch/routing/route_set.rb:36:in `call'
  (gem) journey-1.0.4/lib/journey/router.rb:68:in `block in call'
  (gem) journey-1.0.4/lib/journey/router.rb:56:in `each'
  (gem) journey-1.0.4/lib/journey/router.rb:56:in `call'
  (gem) actionpack-3.2.11/lib/action_dispatch/routing/route_set.rb:601:in `call'
  (gem) better_errors-0.3.2/lib/better_errors/middleware.rb:51:in `app_call'
  (gem) better_errors-0.3.2/lib/better_errors/middleware.rb:45:in `call'
  (gem) sass-3.2.5/lib/sass/plugin/rack.rb:54:in `call'
  (gem) actionpack-3.2.11/lib/action_dispatch/middleware/best_standards_support.rb:17:in `call'
  (gem) rack-1.4.4/lib/rack/etag.rb:23:in `call'
  (gem) rack-1.4.4/lib/rack/conditionalget.rb:25:in `call'
  (gem) actionpack-3.2.11/lib/action_dispatch/middleware/head.rb:14:in `call'
  (gem) actionpack-3.2.11/lib/action_dispatch/middleware/params_parser.rb:21:in `call'
  (gem) actionpack-3.2.11/lib/action_dispatch/middleware/flash.rb:242:in `call'
  (gem) rack-1.4.4/lib/rack/session/abstract/id.rb:210:in `context'
  (gem) rack-1.4.4/lib/rack/session/abstract/id.rb:205:in `call'
  (gem) actionpack-3.2.11/lib/action_dispatch/middleware/cookies.rb:341:in `call'
  (gem) activerecord-3.2.11/lib/active_record/query_cache.rb:64:in `call'
  (gem) activerecord-3.2.11/lib/active_record/connection_adapters/abstract/connection_pool.rb:479:in `call'
  (gem) actionpack-3.2.11/lib/action_dispatch/middleware/callbacks.rb:28:in `block in call'
  (gem) activesupport-3.2.11/lib/active_support/callbacks.rb:405:in `_run__1009168117694903893__call__1145737428090930279__callbacks'
  (gem) activesupport-3.2.11/lib/active_support/callbacks.rb:405:in `__run_callback'
  (gem) activesupport-3.2.11/lib/active_support/callbacks.rb:385:in `_run_call_callbacks'
  (gem) activesupport-3.2.11/lib/active_support/callbacks.rb:81:in `run_callbacks'
  (gem) actionpack-3.2.11/lib/action_dispatch/middleware/callbacks.rb:27:in `call'
  (gem) actionpack-3.2.11/lib/action_dispatch/middleware/reloader.rb:65:in `call'
  (gem) actionpack-3.2.11/lib/action_dispatch/middleware/remote_ip.rb:31:in `call'
  (gem) actionpack-3.2.11/lib/action_dispatch/middleware/debug_exceptions.rb:16:in `call'
  (gem) actionpack-3.2.11/lib/action_dispatch/middleware/show_exceptions.rb:56:in `call'
  (gem) railties-3.2.11/lib/rails/rack/logger.rb:32:in `call_app'
  (gem) railties-3.2.11/lib/rails/rack/logger.rb:16:in `block in call'
  (gem) activesupport-3.2.11/lib/active_support/tagged_logging.rb:22:in `tagged'
  (gem) railties-3.2.11/lib/rails/rack/logger.rb:16:in `call'
  (gem) actionpack-3.2.11/lib/action_dispatch/middleware/request_id.rb:22:in `call'
  (gem) rack-1.4.4/lib/rack/methodoverride.rb:21:in `call'
  (gem) rack-1.4.4/lib/rack/runtime.rb:17:in `call'
  (gem) activesupport-3.2.11/lib/active_support/cache/strategy/local_cache.rb:72:in `call'
  (gem) rack-1.4.4/lib/rack/lock.rb:15:in `call'
  (gem) actionpack-3.2.11/lib/action_dispatch/middleware/static.rb:62:in `call'
  (gem) railties-3.2.11/lib/rails/engine.rb:479:in `call'
  (gem) railties-3.2.11/lib/rails/application.rb:223:in `call'
  (gem) railties-3.2.11/lib/rails/railtie/configurable.rb:30:in `method_missing'
  /Users/wrburgess/Library/Application Support/Pow/Versions/0.4.0/node_modules/nack/lib/nack/server.rb:147:in `handle'
  /Users/wrburgess/Library/Application Support/Pow/Versions/0.4.0/node_modules/nack/lib/nack/server.rb:99:in `rescue in block (2 levels) in start'
  /Users/wrburgess/Library/Application Support/Pow/Versions/0.4.0/node_modules/nack/lib/nack/server.rb:96:in `block (2 levels) in start'
  /Users/wrburgess/Library/Application Support/Pow/Versions/0.4.0/node_modules/nack/lib/nack/server.rb:86:in `each'
  /Users/wrburgess/Library/Application Support/Pow/Versions/0.4.0/node_modules/nack/lib/nack/server.rb:86:in `block in start'
  /Users/wrburgess/Library/Application Support/Pow/Versions/0.4.0/node_modules/nack/lib/nack/server.rb:66:in `loop'
  /Users/wrburgess/Library/Application Support/Pow/Versions/0.4.0/node_modules/nack/lib/nack/server.rb:66:in `start'
  /Users/wrburgess/Library/Application Support/Pow/Versions/0.4.0/node_modules/nack/lib/nack/server.rb:13:in `run'
  /Users/wrburgess/Library/Application Support/Pow/Versions/0.4.0/node_modules/nack/bin/nack_worker:4:in `<main>'



Started POST "/__better_errors/70283738398640/variables" for 127.0.0.1 at 2013-01-23 19:37:31 -0600


Started GET "/" for 127.0.0.1 at 2013-01-23 19:38:40 -0600
Processing by Browser::StaticController#index as HTML
  Rendered browser/static/index.html.haml within layouts/application (0.1ms)
Completed 500 Internal Server Error in 19ms

Sprockets::FileNotFound - couldn't find file 'lib/jquery-1.9.0'
  (in /Users/wrburgess/dev/jbrb/recipe/app/assets/javascripts/application.js:1):
  (gem) sprockets-2.2.2/lib/sprockets/context.rb:102:in `resolve'
  (gem) sprockets-2.2.2/lib/sprockets/context.rb:142:in `require_asset'
  (gem) sprockets-2.2.2/lib/sprockets/directive_processor.rb:215:in `process_require_directive'
  (gem) sprockets-2.2.2/lib/sprockets/directive_processor.rb:165:in `block in process_directives'
  (gem) sprockets-2.2.2/lib/sprockets/directive_processor.rb:163:in `each'
  (gem) sprockets-2.2.2/lib/sprockets/directive_processor.rb:163:in `process_directives'
  (gem) sprockets-2.2.2/lib/sprockets/directive_processor.rb:97:in `evaluate'
  (gem) tilt-1.3.3/lib/tilt/template.rb:76:in `render'
  (gem) sprockets-2.2.2/lib/sprockets/context.rb:193:in `block in evaluate'
  (gem) sprockets-2.2.2/lib/sprockets/context.rb:190:in `each'
  (gem) sprockets-2.2.2/lib/sprockets/context.rb:190:in `evaluate'
  (gem) sprockets-2.2.2/lib/sprockets/processed_asset.rb:12:in `initialize'
  (gem) sprockets-2.2.2/lib/sprockets/base.rb:249:in `new'
  (gem) sprockets-2.2.2/lib/sprockets/base.rb:249:in `block in build_asset'
  (gem) sprockets-2.2.2/lib/sprockets/base.rb:270:in `circular_call_protection'
  (gem) sprockets-2.2.2/lib/sprockets/base.rb:248:in `build_asset'
  (gem) sprockets-2.2.2/lib/sprockets/index.rb:93:in `block in build_asset'
  (gem) sprockets-2.2.2/lib/sprockets/caching.rb:19:in `cache_asset'
  (gem) sprockets-2.2.2/lib/sprockets/index.rb:92:in `build_asset'
  (gem) sprockets-2.2.2/lib/sprockets/base.rb:169:in `find_asset'
  (gem) sprockets-2.2.2/lib/sprockets/index.rb:60:in `find_asset'
  (gem) sprockets-2.2.2/lib/sprockets/bundled_asset.rb:16:in `initialize'
  (gem) sprockets-2.2.2/lib/sprockets/base.rb:252:in `new'
  (gem) sprockets-2.2.2/lib/sprockets/base.rb:252:in `build_asset'
  (gem) sprockets-2.2.2/lib/sprockets/index.rb:93:in `block in build_asset'
  (gem) sprockets-2.2.2/lib/sprockets/caching.rb:19:in `cache_asset'
  (gem) sprockets-2.2.2/lib/sprockets/index.rb:92:in `build_asset'
  (gem) sprockets-2.2.2/lib/sprockets/base.rb:169:in `find_asset'
  (gem) sprockets-2.2.2/lib/sprockets/index.rb:60:in `find_asset'
  (gem) sprockets-2.2.2/lib/sprockets/environment.rb:78:in `find_asset'
  (gem) sprockets-2.2.2/lib/sprockets/base.rb:177:in `[]'
  (gem) actionpack-3.2.11/lib/sprockets/helpers/rails_helper.rb:126:in `asset_for'
  (gem) actionpack-3.2.11/lib/sprockets/helpers/rails_helper.rb:27:in `block in javascript_include_tag'
  (gem) actionpack-3.2.11/lib/sprockets/helpers/rails_helper.rb:26:in `collect'
  (gem) actionpack-3.2.11/lib/sprockets/helpers/rails_helper.rb:26:in `javascript_include_tag'
  app/views/layouts/application.html.haml:10:in `_app_views_layouts_application_html_haml__1135806164931552419_70283769679280'
  (gem) actionpack-3.2.11/lib/action_view/template.rb:145:in `block in render'
  (gem) activesupport-3.2.11/lib/active_support/notifications.rb:125:in `instrument'
  (gem) actionpack-3.2.11/lib/action_view/template.rb:143:in `render'
  (gem) actionpack-3.2.11/lib/action_view/renderer/template_renderer.rb:59:in `render_with_layout'
  (gem) actionpack-3.2.11/lib/action_view/renderer/template_renderer.rb:45:in `render_template'
  (gem) actionpack-3.2.11/lib/action_view/renderer/template_renderer.rb:18:in `render'
  (gem) actionpack-3.2.11/lib/action_view/renderer/renderer.rb:36:in `render_template'
  (gem) actionpack-3.2.11/lib/action_view/renderer/renderer.rb:17:in `render'
  (gem) actionpack-3.2.11/lib/abstract_controller/rendering.rb:110:in `_render_template'
  (gem) actionpack-3.2.11/lib/action_controller/metal/streaming.rb:225:in `_render_template'
  (gem) actionpack-3.2.11/lib/abstract_controller/rendering.rb:103:in `render_to_body'
  (gem) actionpack-3.2.11/lib/action_controller/metal/renderers.rb:28:in `render_to_body'
  (gem) actionpack-3.2.11/lib/action_controller/metal/compatibility.rb:50:in `render_to_body'
  (gem) actionpack-3.2.11/lib/abstract_controller/rendering.rb:88:in `render'
  (gem) actionpack-3.2.11/lib/action_controller/metal/rendering.rb:16:in `render'
  (gem) actionpack-3.2.11/lib/action_controller/metal/instrumentation.rb:40:in `block (2 levels) in render'
  (gem) activesupport-3.2.11/lib/active_support/core_ext/benchmark.rb:5:in `block in ms'
  /Users/wrburgess/.rvm/rubies/ruby-1.9.3-p194/lib/ruby/1.9.1/benchmark.rb:295:in `realtime'
  (gem) activesupport-3.2.11/lib/active_support/core_ext/benchmark.rb:5:in `ms'
  (gem) actionpack-3.2.11/lib/action_controller/metal/instrumentation.rb:40:in `block in render'
  (gem) actionpack-3.2.11/lib/action_controller/metal/instrumentation.rb:83:in `cleanup_view_runtime'
  (gem) activerecord-3.2.11/lib/active_record/railties/controller_runtime.rb:24:in `cleanup_view_runtime'
  (gem) actionpack-3.2.11/lib/action_controller/metal/instrumentation.rb:39:in `render'
  (gem) actionpack-3.2.11/lib/action_controller/metal/implicit_render.rb:10:in `default_render'
  (gem) actionpack-3.2.11/lib/action_controller/metal/implicit_render.rb:5:in `send_action'
  (gem) actionpack-3.2.11/lib/abstract_controller/base.rb:167:in `process_action'
  (gem) actionpack-3.2.11/lib/action_controller/metal/rendering.rb:10:in `process_action'
  (gem) actionpack-3.2.11/lib/abstract_controller/callbacks.rb:18:in `block in process_action'
  (gem) activesupport-3.2.11/lib/active_support/callbacks.rb:414:in `_run__269404223262751038__process_action__4263600204722681925__callbacks'
  (gem) activesupport-3.2.11/lib/active_support/callbacks.rb:405:in `__run_callback'
  (gem) activesupport-3.2.11/lib/active_support/callbacks.rb:385:in `_run_process_action_callbacks'
  (gem) activesupport-3.2.11/lib/active_support/callbacks.rb:81:in `run_callbacks'
  (gem) actionpack-3.2.11/lib/abstract_controller/callbacks.rb:17:in `process_action'
  (gem) actionpack-3.2.11/lib/action_controller/metal/rescue.rb:29:in `process_action'
  (gem) actionpack-3.2.11/lib/action_controller/metal/instrumentation.rb:30:in `block in process_action'
  (gem) activesupport-3.2.11/lib/active_support/notifications.rb:123:in `block in instrument'
  (gem) activesupport-3.2.11/lib/active_support/notifications/instrumenter.rb:20:in `instrument'
  (gem) activesupport-3.2.11/lib/active_support/notifications.rb:123:in `instrument'
  (gem) actionpack-3.2.11/lib/action_controller/metal/instrumentation.rb:29:in `process_action'
  (gem) actionpack-3.2.11/lib/action_controller/metal/params_wrapper.rb:207:in `process_action'
  (gem) activerecord-3.2.11/lib/active_record/railties/controller_runtime.rb:18:in `process_action'
  (gem) actionpack-3.2.11/lib/abstract_controller/base.rb:121:in `process'
  (gem) actionpack-3.2.11/lib/abstract_controller/rendering.rb:45:in `process'
  (gem) actionpack-3.2.11/lib/action_controller/metal.rb:203:in `dispatch'
  (gem) actionpack-3.2.11/lib/action_controller/metal/rack_delegation.rb:14:in `dispatch'
  (gem) actionpack-3.2.11/lib/action_controller/metal.rb:246:in `block in action'
  (gem) actionpack-3.2.11/lib/action_dispatch/routing/route_set.rb:73:in `call'
  (gem) actionpack-3.2.11/lib/action_dispatch/routing/route_set.rb:73:in `dispatch'
  (gem) actionpack-3.2.11/lib/action_dispatch/routing/route_set.rb:36:in `call'
  (gem) journey-1.0.4/lib/journey/router.rb:68:in `block in call'
  (gem) journey-1.0.4/lib/journey/router.rb:56:in `each'
  (gem) journey-1.0.4/lib/journey/router.rb:56:in `call'
  (gem) actionpack-3.2.11/lib/action_dispatch/routing/route_set.rb:601:in `call'
  (gem) better_errors-0.3.2/lib/better_errors/middleware.rb:51:in `app_call'
  (gem) better_errors-0.3.2/lib/better_errors/middleware.rb:45:in `call'
  (gem) sass-3.2.5/lib/sass/plugin/rack.rb:54:in `call'
  (gem) actionpack-3.2.11/lib/action_dispatch/middleware/best_standards_support.rb:17:in `call'
  (gem) rack-1.4.4/lib/rack/etag.rb:23:in `call'
  (gem) rack-1.4.4/lib/rack/conditionalget.rb:25:in `call'
  (gem) actionpack-3.2.11/lib/action_dispatch/middleware/head.rb:14:in `call'
  (gem) actionpack-3.2.11/lib/action_dispatch/middleware/params_parser.rb:21:in `call'
  (gem) actionpack-3.2.11/lib/action_dispatch/middleware/flash.rb:242:in `call'
  (gem) rack-1.4.4/lib/rack/session/abstract/id.rb:210:in `context'
  (gem) rack-1.4.4/lib/rack/session/abstract/id.rb:205:in `call'
  (gem) actionpack-3.2.11/lib/action_dispatch/middleware/cookies.rb:341:in `call'
  (gem) activerecord-3.2.11/lib/active_record/query_cache.rb:64:in `call'
  (gem) activerecord-3.2.11/lib/active_record/connection_adapters/abstract/connection_pool.rb:479:in `call'
  (gem) actionpack-3.2.11/lib/action_dispatch/middleware/callbacks.rb:28:in `block in call'
  (gem) activesupport-3.2.11/lib/active_support/callbacks.rb:405:in `_run__1009168117694903893__call__1145737428090930279__callbacks'
  (gem) activesupport-3.2.11/lib/active_support/callbacks.rb:405:in `__run_callback'
  (gem) activesupport-3.2.11/lib/active_support/callbacks.rb:385:in `_run_call_callbacks'
  (gem) activesupport-3.2.11/lib/active_support/callbacks.rb:81:in `run_callbacks'
  (gem) actionpack-3.2.11/lib/action_dispatch/middleware/callbacks.rb:27:in `call'
  (gem) actionpack-3.2.11/lib/action_dispatch/middleware/reloader.rb:65:in `call'
  (gem) actionpack-3.2.11/lib/action_dispatch/middleware/remote_ip.rb:31:in `call'
  (gem) actionpack-3.2.11/lib/action_dispatch/middleware/debug_exceptions.rb:16:in `call'
  (gem) actionpack-3.2.11/lib/action_dispatch/middleware/show_exceptions.rb:56:in `call'
  (gem) railties-3.2.11/lib/rails/rack/logger.rb:32:in `call_app'
  (gem) railties-3.2.11/lib/rails/rack/logger.rb:16:in `block in call'
  (gem) activesupport-3.2.11/lib/active_support/tagged_logging.rb:22:in `tagged'
  (gem) railties-3.2.11/lib/rails/rack/logger.rb:16:in `call'
  (gem) actionpack-3.2.11/lib/action_dispatch/middleware/request_id.rb:22:in `call'
  (gem) rack-1.4.4/lib/rack/methodoverride.rb:21:in `call'
  (gem) rack-1.4.4/lib/rack/runtime.rb:17:in `call'
  (gem) activesupport-3.2.11/lib/active_support/cache/strategy/local_cache.rb:72:in `call'
  (gem) rack-1.4.4/lib/rack/lock.rb:15:in `call'
  (gem) actionpack-3.2.11/lib/action_dispatch/middleware/static.rb:62:in `call'
  (gem) railties-3.2.11/lib/rails/engine.rb:479:in `call'
  (gem) railties-3.2.11/lib/rails/application.rb:223:in `call'
  (gem) railties-3.2.11/lib/rails/railtie/configurable.rb:30:in `method_missing'
  /Users/wrburgess/Library/Application Support/Pow/Versions/0.4.0/node_modules/nack/lib/nack/server.rb:147:in `handle'
  /Users/wrburgess/Library/Application Support/Pow/Versions/0.4.0/node_modules/nack/lib/nack/server.rb:99:in `rescue in block (2 levels) in start'
  /Users/wrburgess/Library/Application Support/Pow/Versions/0.4.0/node_modules/nack/lib/nack/server.rb:96:in `block (2 levels) in start'
  /Users/wrburgess/Library/Application Support/Pow/Versions/0.4.0/node_modules/nack/lib/nack/server.rb:86:in `each'
  /Users/wrburgess/Library/Application Support/Pow/Versions/0.4.0/node_modules/nack/lib/nack/server.rb:86:in `block in start'
  /Users/wrburgess/Library/Application Support/Pow/Versions/0.4.0/node_modules/nack/lib/nack/server.rb:66:in `loop'
  /Users/wrburgess/Library/Application Support/Pow/Versions/0.4.0/node_modules/nack/lib/nack/server.rb:66:in `start'
  /Users/wrburgess/Library/Application Support/Pow/Versions/0.4.0/node_modules/nack/lib/nack/server.rb:13:in `run'
  /Users/wrburgess/Library/Application Support/Pow/Versions/0.4.0/node_modules/nack/bin/nack_worker:4:in `<main>'



Started POST "/__better_errors/70283743135720/variables" for 127.0.0.1 at 2013-01-23 19:38:40 -0600


Started GET "/" for 127.0.0.1 at 2013-01-23 19:39:31 -0600
Processing by Browser::StaticController#index as HTML
  Rendered browser/static/index.html.haml within layouts/application (0.1ms)
Completed 500 Internal Server Error in 16ms

Sprockets::FileNotFound - couldn't find file 'lib/rails'
  (in /Users/wrburgess/dev/jbrb/recipe/app/assets/javascripts/application.js:2):
  (gem) sprockets-2.2.2/lib/sprockets/context.rb:102:in `resolve'
  (gem) sprockets-2.2.2/lib/sprockets/context.rb:142:in `require_asset'
  (gem) sprockets-2.2.2/lib/sprockets/directive_processor.rb:215:in `process_require_directive'
  (gem) sprockets-2.2.2/lib/sprockets/directive_processor.rb:165:in `block in process_directives'
  (gem) sprockets-2.2.2/lib/sprockets/directive_processor.rb:163:in `each'
  (gem) sprockets-2.2.2/lib/sprockets/directive_processor.rb:163:in `process_directives'
  (gem) sprockets-2.2.2/lib/sprockets/directive_processor.rb:97:in `evaluate'
  (gem) tilt-1.3.3/lib/tilt/template.rb:76:in `render'
  (gem) sprockets-2.2.2/lib/sprockets/context.rb:193:in `block in evaluate'
  (gem) sprockets-2.2.2/lib/sprockets/context.rb:190:in `each'
  (gem) sprockets-2.2.2/lib/sprockets/context.rb:190:in `evaluate'
  (gem) sprockets-2.2.2/lib/sprockets/processed_asset.rb:12:in `initialize'
  (gem) sprockets-2.2.2/lib/sprockets/base.rb:249:in `new'
  (gem) sprockets-2.2.2/lib/sprockets/base.rb:249:in `block in build_asset'
  (gem) sprockets-2.2.2/lib/sprockets/base.rb:270:in `circular_call_protection'
  (gem) sprockets-2.2.2/lib/sprockets/base.rb:248:in `build_asset'
  (gem) sprockets-2.2.2/lib/sprockets/index.rb:93:in `block in build_asset'
  (gem) sprockets-2.2.2/lib/sprockets/caching.rb:19:in `cache_asset'
  (gem) sprockets-2.2.2/lib/sprockets/index.rb:92:in `build_asset'
  (gem) sprockets-2.2.2/lib/sprockets/base.rb:169:in `find_asset'
  (gem) sprockets-2.2.2/lib/sprockets/index.rb:60:in `find_asset'
  (gem) sprockets-2.2.2/lib/sprockets/bundled_asset.rb:16:in `initialize'
  (gem) sprockets-2.2.2/lib/sprockets/base.rb:252:in `new'
  (gem) sprockets-2.2.2/lib/sprockets/base.rb:252:in `build_asset'
  (gem) sprockets-2.2.2/lib/sprockets/index.rb:93:in `block in build_asset'
  (gem) sprockets-2.2.2/lib/sprockets/caching.rb:19:in `cache_asset'
  (gem) sprockets-2.2.2/lib/sprockets/index.rb:92:in `build_asset'
  (gem) sprockets-2.2.2/lib/sprockets/base.rb:169:in `find_asset'
  (gem) sprockets-2.2.2/lib/sprockets/index.rb:60:in `find_asset'
  (gem) sprockets-2.2.2/lib/sprockets/environment.rb:78:in `find_asset'
  (gem) sprockets-2.2.2/lib/sprockets/base.rb:177:in `[]'
  (gem) actionpack-3.2.11/lib/sprockets/helpers/rails_helper.rb:126:in `asset_for'
  (gem) actionpack-3.2.11/lib/sprockets/helpers/rails_helper.rb:27:in `block in javascript_include_tag'
  (gem) actionpack-3.2.11/lib/sprockets/helpers/rails_helper.rb:26:in `collect'
  (gem) actionpack-3.2.11/lib/sprockets/helpers/rails_helper.rb:26:in `javascript_include_tag'
  app/views/layouts/application.html.haml:10:in `_app_views_layouts_application_html_haml__1135806164931552419_70283769679280'
  (gem) actionpack-3.2.11/lib/action_view/template.rb:145:in `block in render'
  (gem) activesupport-3.2.11/lib/active_support/notifications.rb:125:in `instrument'
  (gem) actionpack-3.2.11/lib/action_view/template.rb:143:in `render'
  (gem) actionpack-3.2.11/lib/action_view/renderer/template_renderer.rb:59:in `render_with_layout'
  (gem) actionpack-3.2.11/lib/action_view/renderer/template_renderer.rb:45:in `render_template'
  (gem) actionpack-3.2.11/lib/action_view/renderer/template_renderer.rb:18:in `render'
  (gem) actionpack-3.2.11/lib/action_view/renderer/renderer.rb:36:in `render_template'
  (gem) actionpack-3.2.11/lib/action_view/renderer/renderer.rb:17:in `render'
  (gem) actionpack-3.2.11/lib/abstract_controller/rendering.rb:110:in `_render_template'
  (gem) actionpack-3.2.11/lib/action_controller/metal/streaming.rb:225:in `_render_template'
  (gem) actionpack-3.2.11/lib/abstract_controller/rendering.rb:103:in `render_to_body'
  (gem) actionpack-3.2.11/lib/action_controller/metal/renderers.rb:28:in `render_to_body'
  (gem) actionpack-3.2.11/lib/action_controller/metal/compatibility.rb:50:in `render_to_body'
  (gem) actionpack-3.2.11/lib/abstract_controller/rendering.rb:88:in `render'
  (gem) actionpack-3.2.11/lib/action_controller/metal/rendering.rb:16:in `render'
  (gem) actionpack-3.2.11/lib/action_controller/metal/instrumentation.rb:40:in `block (2 levels) in render'
  (gem) activesupport-3.2.11/lib/active_support/core_ext/benchmark.rb:5:in `block in ms'
  /Users/wrburgess/.rvm/rubies/ruby-1.9.3-p194/lib/ruby/1.9.1/benchmark.rb:295:in `realtime'
  (gem) activesupport-3.2.11/lib/active_support/core_ext/benchmark.rb:5:in `ms'
  (gem) actionpack-3.2.11/lib/action_controller/metal/instrumentation.rb:40:in `block in render'
  (gem) actionpack-3.2.11/lib/action_controller/metal/instrumentation.rb:83:in `cleanup_view_runtime'
  (gem) activerecord-3.2.11/lib/active_record/railties/controller_runtime.rb:24:in `cleanup_view_runtime'
  (gem) actionpack-3.2.11/lib/action_controller/metal/instrumentation.rb:39:in `render'
  (gem) actionpack-3.2.11/lib/action_controller/metal/implicit_render.rb:10:in `default_render'
  (gem) actionpack-3.2.11/lib/action_controller/metal/implicit_render.rb:5:in `send_action'
  (gem) actionpack-3.2.11/lib/abstract_controller/base.rb:167:in `process_action'
  (gem) actionpack-3.2.11/lib/action_controller/metal/rendering.rb:10:in `process_action'
  (gem) actionpack-3.2.11/lib/abstract_controller/callbacks.rb:18:in `block in process_action'
  (gem) activesupport-3.2.11/lib/active_support/callbacks.rb:414:in `_run__269404223262751038__process_action__4263600204722681925__callbacks'
  (gem) activesupport-3.2.11/lib/active_support/callbacks.rb:405:in `__run_callback'
  (gem) activesupport-3.2.11/lib/active_support/callbacks.rb:385:in `_run_process_action_callbacks'
  (gem) activesupport-3.2.11/lib/active_support/callbacks.rb:81:in `run_callbacks'
  (gem) actionpack-3.2.11/lib/abstract_controller/callbacks.rb:17:in `process_action'
  (gem) actionpack-3.2.11/lib/action_controller/metal/rescue.rb:29:in `process_action'
  (gem) actionpack-3.2.11/lib/action_controller/metal/instrumentation.rb:30:in `block in process_action'
  (gem) activesupport-3.2.11/lib/active_support/notifications.rb:123:in `block in instrument'
  (gem) activesupport-3.2.11/lib/active_support/notifications/instrumenter.rb:20:in `instrument'
  (gem) activesupport-3.2.11/lib/active_support/notifications.rb:123:in `instrument'
  (gem) actionpack-3.2.11/lib/action_controller/metal/instrumentation.rb:29:in `process_action'
  (gem) actionpack-3.2.11/lib/action_controller/metal/params_wrapper.rb:207:in `process_action'
  (gem) activerecord-3.2.11/lib/active_record/railties/controller_runtime.rb:18:in `process_action'
  (gem) actionpack-3.2.11/lib/abstract_controller/base.rb:121:in `process'
  (gem) actionpack-3.2.11/lib/abstract_controller/rendering.rb:45:in `process'
  (gem) actionpack-3.2.11/lib/action_controller/metal.rb:203:in `dispatch'
  (gem) actionpack-3.2.11/lib/action_controller/metal/rack_delegation.rb:14:in `dispatch'
  (gem) actionpack-3.2.11/lib/action_controller/metal.rb:246:in `block in action'
  (gem) actionpack-3.2.11/lib/action_dispatch/routing/route_set.rb:73:in `call'
  (gem) actionpack-3.2.11/lib/action_dispatch/routing/route_set.rb:73:in `dispatch'
  (gem) actionpack-3.2.11/lib/action_dispatch/routing/route_set.rb:36:in `call'
  (gem) journey-1.0.4/lib/journey/router.rb:68:in `block in call'
  (gem) journey-1.0.4/lib/journey/router.rb:56:in `each'
  (gem) journey-1.0.4/lib/journey/router.rb:56:in `call'
  (gem) actionpack-3.2.11/lib/action_dispatch/routing/route_set.rb:601:in `call'
  (gem) better_errors-0.3.2/lib/better_errors/middleware.rb:51:in `app_call'
  (gem) better_errors-0.3.2/lib/better_errors/middleware.rb:45:in `call'
  (gem) sass-3.2.5/lib/sass/plugin/rack.rb:54:in `call'
  (gem) actionpack-3.2.11/lib/action_dispatch/middleware/best_standards_support.rb:17:in `call'
  (gem) rack-1.4.4/lib/rack/etag.rb:23:in `call'
  (gem) rack-1.4.4/lib/rack/conditionalget.rb:25:in `call'
  (gem) actionpack-3.2.11/lib/action_dispatch/middleware/head.rb:14:in `call'
  (gem) actionpack-3.2.11/lib/action_dispatch/middleware/params_parser.rb:21:in `call'
  (gem) actionpack-3.2.11/lib/action_dispatch/middleware/flash.rb:242:in `call'
  (gem) rack-1.4.4/lib/rack/session/abstract/id.rb:210:in `context'
  (gem) rack-1.4.4/lib/rack/session/abstract/id.rb:205:in `call'
  (gem) actionpack-3.2.11/lib/action_dispatch/middleware/cookies.rb:341:in `call'
  (gem) activerecord-3.2.11/lib/active_record/query_cache.rb:64:in `call'
  (gem) activerecord-3.2.11/lib/active_record/connection_adapters/abstract/connection_pool.rb:479:in `call'
  (gem) actionpack-3.2.11/lib/action_dispatch/middleware/callbacks.rb:28:in `block in call'
  (gem) activesupport-3.2.11/lib/active_support/callbacks.rb:405:in `_run__1009168117694903893__call__1145737428090930279__callbacks'
  (gem) activesupport-3.2.11/lib/active_support/callbacks.rb:405:in `__run_callback'
  (gem) activesupport-3.2.11/lib/active_support/callbacks.rb:385:in `_run_call_callbacks'
  (gem) activesupport-3.2.11/lib/active_support/callbacks.rb:81:in `run_callbacks'
  (gem) actionpack-3.2.11/lib/action_dispatch/middleware/callbacks.rb:27:in `call'
  (gem) actionpack-3.2.11/lib/action_dispatch/middleware/reloader.rb:65:in `call'
  (gem) actionpack-3.2.11/lib/action_dispatch/middleware/remote_ip.rb:31:in `call'
  (gem) actionpack-3.2.11/lib/action_dispatch/middleware/debug_exceptions.rb:16:in `call'
  (gem) actionpack-3.2.11/lib/action_dispatch/middleware/show_exceptions.rb:56:in `call'
  (gem) railties-3.2.11/lib/rails/rack/logger.rb:32:in `call_app'
  (gem) railties-3.2.11/lib/rails/rack/logger.rb:16:in `block in call'
  (gem) activesupport-3.2.11/lib/active_support/tagged_logging.rb:22:in `tagged'
  (gem) railties-3.2.11/lib/rails/rack/logger.rb:16:in `call'
  (gem) actionpack-3.2.11/lib/action_dispatch/middleware/request_id.rb:22:in `call'
  (gem) rack-1.4.4/lib/rack/methodoverride.rb:21:in `call'
  (gem) rack-1.4.4/lib/rack/runtime.rb:17:in `call'
  (gem) activesupport-3.2.11/lib/active_support/cache/strategy/local_cache.rb:72:in `call'
  (gem) rack-1.4.4/lib/rack/lock.rb:15:in `call'
  (gem) actionpack-3.2.11/lib/action_dispatch/middleware/static.rb:62:in `call'
  (gem) railties-3.2.11/lib/rails/engine.rb:479:in `call'
  (gem) railties-3.2.11/lib/rails/application.rb:223:in `call'
  (gem) railties-3.2.11/lib/rails/railtie/configurable.rb:30:in `method_missing'
  /Users/wrburgess/Library/Application Support/Pow/Versions/0.4.0/node_modules/nack/lib/nack/server.rb:147:in `handle'
  /Users/wrburgess/Library/Application Support/Pow/Versions/0.4.0/node_modules/nack/lib/nack/server.rb:99:in `rescue in block (2 levels) in start'
  /Users/wrburgess/Library/Application Support/Pow/Versions/0.4.0/node_modules/nack/lib/nack/server.rb:96:in `block (2 levels) in start'
  /Users/wrburgess/Library/Application Support/Pow/Versions/0.4.0/node_modules/nack/lib/nack/server.rb:86:in `each'
  /Users/wrburgess/Library/Application Support/Pow/Versions/0.4.0/node_modules/nack/lib/nack/server.rb:86:in `block in start'
  /Users/wrburgess/Library/Application Support/Pow/Versions/0.4.0/node_modules/nack/lib/nack/server.rb:66:in `loop'
  /Users/wrburgess/Library/Application Support/Pow/Versions/0.4.0/node_modules/nack/lib/nack/server.rb:66:in `start'
  /Users/wrburgess/Library/Application Support/Pow/Versions/0.4.0/node_modules/nack/lib/nack/server.rb:13:in `run'
  /Users/wrburgess/Library/Application Support/Pow/Versions/0.4.0/node_modules/nack/bin/nack_worker:4:in `<main>'



Started POST "/__better_errors/70283769927900/variables" for 127.0.0.1 at 2013-01-23 19:39:31 -0600


Started GET "/" for 127.0.0.1 at 2013-01-23 19:42:22 -0600
Processing by Browser::StaticController#index as HTML
  Rendered browser/static/index.html.haml within layouts/application (0.1ms)
Completed 500 Internal Server Error in 10ms

Sprockets::FileNotFound - couldn't find file 'jquery-1.9.0'
  (in /Users/wrburgess/dev/jbrb/recipe/app/assets/javascripts/application.js:1):
  (gem) sprockets-2.2.2/lib/sprockets/context.rb:102:in `resolve'
  (gem) sprockets-2.2.2/lib/sprockets/context.rb:142:in `require_asset'
  (gem) sprockets-2.2.2/lib/sprockets/directive_processor.rb:215:in `process_require_directive'
  (gem) sprockets-2.2.2/lib/sprockets/directive_processor.rb:165:in `block in process_directives'
  (gem) sprockets-2.2.2/lib/sprockets/directive_processor.rb:163:in `each'
  (gem) sprockets-2.2.2/lib/sprockets/directive_processor.rb:163:in `process_directives'
  (gem) sprockets-2.2.2/lib/sprockets/directive_processor.rb:97:in `evaluate'
  (gem) tilt-1.3.3/lib/tilt/template.rb:76:in `render'
  (gem) sprockets-2.2.2/lib/sprockets/context.rb:193:in `block in evaluate'
  (gem) sprockets-2.2.2/lib/sprockets/context.rb:190:in `each'
  (gem) sprockets-2.2.2/lib/sprockets/context.rb:190:in `evaluate'
  (gem) sprockets-2.2.2/lib/sprockets/processed_asset.rb:12:in `initialize'
  (gem) sprockets-2.2.2/lib/sprockets/base.rb:249:in `new'
  (gem) sprockets-2.2.2/lib/sprockets/base.rb:249:in `block in build_asset'
  (gem) sprockets-2.2.2/lib/sprockets/base.rb:270:in `circular_call_protection'
  (gem) sprockets-2.2.2/lib/sprockets/base.rb:248:in `build_asset'
  (gem) sprockets-2.2.2/lib/sprockets/index.rb:93:in `block in build_asset'
  (gem) sprockets-2.2.2/lib/sprockets/caching.rb:19:in `cache_asset'
  (gem) sprockets-2.2.2/lib/sprockets/index.rb:92:in `build_asset'
  (gem) sprockets-2.2.2/lib/sprockets/base.rb:169:in `find_asset'
  (gem) sprockets-2.2.2/lib/sprockets/index.rb:60:in `find_asset'
  (gem) sprockets-2.2.2/lib/sprockets/bundled_asset.rb:16:in `initialize'
  (gem) sprockets-2.2.2/lib/sprockets/base.rb:252:in `new'
  (gem) sprockets-2.2.2/lib/sprockets/base.rb:252:in `build_asset'
  (gem) sprockets-2.2.2/lib/sprockets/index.rb:93:in `block in build_asset'
  (gem) sprockets-2.2.2/lib/sprockets/caching.rb:19:in `cache_asset'
  (gem) sprockets-2.2.2/lib/sprockets/index.rb:92:in `build_asset'
  (gem) sprockets-2.2.2/lib/sprockets/base.rb:169:in `find_asset'
  (gem) sprockets-2.2.2/lib/sprockets/index.rb:60:in `find_asset'
  (gem) sprockets-2.2.2/lib/sprockets/environment.rb:78:in `find_asset'
  (gem) sprockets-2.2.2/lib/sprockets/base.rb:177:in `[]'
  (gem) actionpack-3.2.11/lib/sprockets/helpers/rails_helper.rb:126:in `asset_for'
  (gem) actionpack-3.2.11/lib/sprockets/helpers/rails_helper.rb:27:in `block in javascript_include_tag'
  (gem) actionpack-3.2.11/lib/sprockets/helpers/rails_helper.rb:26:in `collect'
  (gem) actionpack-3.2.11/lib/sprockets/helpers/rails_helper.rb:26:in `javascript_include_tag'
  app/views/layouts/application.html.haml:10:in `_app_views_layouts_application_html_haml__1135806164931552419_70283769679280'
  (gem) actionpack-3.2.11/lib/action_view/template.rb:145:in `block in render'
  (gem) activesupport-3.2.11/lib/active_support/notifications.rb:125:in `instrument'
  (gem) actionpack-3.2.11/lib/action_view/template.rb:143:in `render'
  (gem) actionpack-3.2.11/lib/action_view/renderer/template_renderer.rb:59:in `render_with_layout'
  (gem) actionpack-3.2.11/lib/action_view/renderer/template_renderer.rb:45:in `render_template'
  (gem) actionpack-3.2.11/lib/action_view/renderer/template_renderer.rb:18:in `render'
  (gem) actionpack-3.2.11/lib/action_view/renderer/renderer.rb:36:in `render_template'
  (gem) actionpack-3.2.11/lib/action_view/renderer/renderer.rb:17:in `render'
  (gem) actionpack-3.2.11/lib/abstract_controller/rendering.rb:110:in `_render_template'
  (gem) actionpack-3.2.11/lib/action_controller/metal/streaming.rb:225:in `_render_template'
  (gem) actionpack-3.2.11/lib/abstract_controller/rendering.rb:103:in `render_to_body'
  (gem) actionpack-3.2.11/lib/action_controller/metal/renderers.rb:28:in `render_to_body'
  (gem) actionpack-3.2.11/lib/action_controller/metal/compatibility.rb:50:in `render_to_body'
  (gem) actionpack-3.2.11/lib/abstract_controller/rendering.rb:88:in `render'
  (gem) actionpack-3.2.11/lib/action_controller/metal/rendering.rb:16:in `render'
  (gem) actionpack-3.2.11/lib/action_controller/metal/instrumentation.rb:40:in `block (2 levels) in render'
  (gem) activesupport-3.2.11/lib/active_support/core_ext/benchmark.rb:5:in `block in ms'
  /Users/wrburgess/.rvm/rubies/ruby-1.9.3-p194/lib/ruby/1.9.1/benchmark.rb:295:in `realtime'
  (gem) activesupport-3.2.11/lib/active_support/core_ext/benchmark.rb:5:in `ms'
  (gem) actionpack-3.2.11/lib/action_controller/metal/instrumentation.rb:40:in `block in render'
  (gem) actionpack-3.2.11/lib/action_controller/metal/instrumentation.rb:83:in `cleanup_view_runtime'
  (gem) activerecord-3.2.11/lib/active_record/railties/controller_runtime.rb:24:in `cleanup_view_runtime'
  (gem) actionpack-3.2.11/lib/action_controller/metal/instrumentation.rb:39:in `render'
  (gem) actionpack-3.2.11/lib/action_controller/metal/implicit_render.rb:10:in `default_render'
  (gem) actionpack-3.2.11/lib/action_controller/metal/implicit_render.rb:5:in `send_action'
  (gem) actionpack-3.2.11/lib/abstract_controller/base.rb:167:in `process_action'
  (gem) actionpack-3.2.11/lib/action_controller/metal/rendering.rb:10:in `process_action'
  (gem) actionpack-3.2.11/lib/abstract_controller/callbacks.rb:18:in `block in process_action'
  (gem) activesupport-3.2.11/lib/active_support/callbacks.rb:414:in `_run__269404223262751038__process_action__4263600204722681925__callbacks'
  (gem) activesupport-3.2.11/lib/active_support/callbacks.rb:405:in `__run_callback'
  (gem) activesupport-3.2.11/lib/active_support/callbacks.rb:385:in `_run_process_action_callbacks'
  (gem) activesupport-3.2.11/lib/active_support/callbacks.rb:81:in `run_callbacks'
  (gem) actionpack-3.2.11/lib/abstract_controller/callbacks.rb:17:in `process_action'
  (gem) actionpack-3.2.11/lib/action_controller/metal/rescue.rb:29:in `process_action'
  (gem) actionpack-3.2.11/lib/action_controller/metal/instrumentation.rb:30:in `block in process_action'
  (gem) activesupport-3.2.11/lib/active_support/notifications.rb:123:in `block in instrument'
  (gem) activesupport-3.2.11/lib/active_support/notifications/instrumenter.rb:20:in `instrument'
  (gem) activesupport-3.2.11/lib/active_support/notifications.rb:123:in `instrument'
  (gem) actionpack-3.2.11/lib/action_controller/metal/instrumentation.rb:29:in `process_action'
  (gem) actionpack-3.2.11/lib/action_controller/metal/params_wrapper.rb:207:in `process_action'
  (gem) activerecord-3.2.11/lib/active_record/railties/controller_runtime.rb:18:in `process_action'
  (gem) actionpack-3.2.11/lib/abstract_controller/base.rb:121:in `process'
  (gem) actionpack-3.2.11/lib/abstract_controller/rendering.rb:45:in `process'
  (gem) actionpack-3.2.11/lib/action_controller/metal.rb:203:in `dispatch'
  (gem) actionpack-3.2.11/lib/action_controller/metal/rack_delegation.rb:14:in `dispatch'
  (gem) actionpack-3.2.11/lib/action_controller/metal.rb:246:in `block in action'
  (gem) actionpack-3.2.11/lib/action_dispatch/routing/route_set.rb:73:in `call'
  (gem) actionpack-3.2.11/lib/action_dispatch/routing/route_set.rb:73:in `dispatch'
  (gem) actionpack-3.2.11/lib/action_dispatch/routing/route_set.rb:36:in `call'
  (gem) journey-1.0.4/lib/journey/router.rb:68:in `block in call'
  (gem) journey-1.0.4/lib/journey/router.rb:56:in `each'
  (gem) journey-1.0.4/lib/journey/router.rb:56:in `call'
  (gem) actionpack-3.2.11/lib/action_dispatch/routing/route_set.rb:601:in `call'
  (gem) better_errors-0.3.2/lib/better_errors/middleware.rb:51:in `app_call'
  (gem) better_errors-0.3.2/lib/better_errors/middleware.rb:45:in `call'
  (gem) sass-3.2.5/lib/sass/plugin/rack.rb:54:in `call'
  (gem) actionpack-3.2.11/lib/action_dispatch/middleware/best_standards_support.rb:17:in `call'
  (gem) rack-1.4.4/lib/rack/etag.rb:23:in `call'
  (gem) rack-1.4.4/lib/rack/conditionalget.rb:25:in `call'
  (gem) actionpack-3.2.11/lib/action_dispatch/middleware/head.rb:14:in `call'
  (gem) actionpack-3.2.11/lib/action_dispatch/middleware/params_parser.rb:21:in `call'
  (gem) actionpack-3.2.11/lib/action_dispatch/middleware/flash.rb:242:in `call'
  (gem) rack-1.4.4/lib/rack/session/abstract/id.rb:210:in `context'
  (gem) rack-1.4.4/lib/rack/session/abstract/id.rb:205:in `call'
  (gem) actionpack-3.2.11/lib/action_dispatch/middleware/cookies.rb:341:in `call'
  (gem) activerecord-3.2.11/lib/active_record/query_cache.rb:64:in `call'
  (gem) activerecord-3.2.11/lib/active_record/connection_adapters/abstract/connection_pool.rb:479:in `call'
  (gem) actionpack-3.2.11/lib/action_dispatch/middleware/callbacks.rb:28:in `block in call'
  (gem) activesupport-3.2.11/lib/active_support/callbacks.rb:405:in `_run__1009168117694903893__call__1145737428090930279__callbacks'
  (gem) activesupport-3.2.11/lib/active_support/callbacks.rb:405:in `__run_callback'
  (gem) activesupport-3.2.11/lib/active_support/callbacks.rb:385:in `_run_call_callbacks'
  (gem) activesupport-3.2.11/lib/active_support/callbacks.rb:81:in `run_callbacks'
  (gem) actionpack-3.2.11/lib/action_dispatch/middleware/callbacks.rb:27:in `call'
  (gem) actionpack-3.2.11/lib/action_dispatch/middleware/reloader.rb:65:in `call'
  (gem) actionpack-3.2.11/lib/action_dispatch/middleware/remote_ip.rb:31:in `call'
  (gem) actionpack-3.2.11/lib/action_dispatch/middleware/debug_exceptions.rb:16:in `call'
  (gem) actionpack-3.2.11/lib/action_dispatch/middleware/show_exceptions.rb:56:in `call'
  (gem) railties-3.2.11/lib/rails/rack/logger.rb:32:in `call_app'
  (gem) railties-3.2.11/lib/rails/rack/logger.rb:16:in `block in call'
  (gem) activesupport-3.2.11/lib/active_support/tagged_logging.rb:22:in `tagged'
  (gem) railties-3.2.11/lib/rails/rack/logger.rb:16:in `call'
  (gem) actionpack-3.2.11/lib/action_dispatch/middleware/request_id.rb:22:in `call'
  (gem) rack-1.4.4/lib/rack/methodoverride.rb:21:in `call'
  (gem) rack-1.4.4/lib/rack/runtime.rb:17:in `call'
  (gem) activesupport-3.2.11/lib/active_support/cache/strategy/local_cache.rb:72:in `call'
  (gem) rack-1.4.4/lib/rack/lock.rb:15:in `call'
  (gem) actionpack-3.2.11/lib/action_dispatch/middleware/static.rb:62:in `call'
  (gem) railties-3.2.11/lib/rails/engine.rb:479:in `call'
  (gem) railties-3.2.11/lib/rails/application.rb:223:in `call'
  (gem) railties-3.2.11/lib/rails/railtie/configurable.rb:30:in `method_missing'
  /Users/wrburgess/Library/Application Support/Pow/Versions/0.4.0/node_modules/nack/lib/nack/server.rb:147:in `handle'
  /Users/wrburgess/Library/Application Support/Pow/Versions/0.4.0/node_modules/nack/lib/nack/server.rb:99:in `rescue in block (2 levels) in start'
  /Users/wrburgess/Library/Application Support/Pow/Versions/0.4.0/node_modules/nack/lib/nack/server.rb:96:in `block (2 levels) in start'
  /Users/wrburgess/Library/Application Support/Pow/Versions/0.4.0/node_modules/nack/lib/nack/server.rb:86:in `each'
  /Users/wrburgess/Library/Application Support/Pow/Versions/0.4.0/node_modules/nack/lib/nack/server.rb:86:in `block in start'
  /Users/wrburgess/Library/Application Support/Pow/Versions/0.4.0/node_modules/nack/lib/nack/server.rb:66:in `loop'
  /Users/wrburgess/Library/Application Support/Pow/Versions/0.4.0/node_modules/nack/lib/nack/server.rb:66:in `start'
  /Users/wrburgess/Library/Application Support/Pow/Versions/0.4.0/node_modules/nack/lib/nack/server.rb:13:in `run'
  /Users/wrburgess/Library/Application Support/Pow/Versions/0.4.0/node_modules/nack/bin/nack_worker:4:in `<main>'



Started POST "/__better_errors/70283769587000/variables" for 127.0.0.1 at 2013-01-23 19:42:22 -0600


Started GET "/" for 127.0.0.1 at 2013-01-23 19:42:32 -0600
Processing by Browser::StaticController#index as HTML
  Rendered browser/static/index.html.haml within layouts/application (0.1ms)
Compiled lib/jquery-1.9.0.js  (0ms)  (pid 38827)
Compiled lib/rails.js  (0ms)  (pid 38827)
Compiled application.js  (47ms)  (pid 38827)
Completed 500 Internal Server Error in 133ms

ActionView::MissingTemplate - Missing partial browser/static/nav, application/nav with {:locale=>[:en], :formats=>[:html], :handlers=>[:erb, :builder, :haml]}. Searched in:
  * "/Users/wrburgess/dev/jbrb/recipe/app/views"
:
  (gem) actionpack-3.2.11/lib/action_view/path_set.rb:58:in `find'
  (gem) actionpack-3.2.11/lib/action_view/lookup_context.rb:109:in `find'
  (gem) actionpack-3.2.11/lib/action_view/renderer/partial_renderer.rb:339:in `find_template'
  (gem) actionpack-3.2.11/lib/action_view/renderer/partial_renderer.rb:333:in `find_partial'
  (gem) actionpack-3.2.11/lib/action_view/renderer/partial_renderer.rb:222:in `render'
  (gem) actionpack-3.2.11/lib/action_view/renderer/renderer.rb:41:in `render_partial'
  (gem) actionpack-3.2.11/lib/action_view/helpers/rendering_helper.rb:27:in `render'
  (gem) haml-3.1.7/lib/haml/helpers/action_view_mods.rb:11:in `block in render_with_haml'
  (gem) haml-3.1.7/lib/haml/helpers.rb:90:in `non_haml'
  (gem) haml-3.1.7/lib/haml/helpers/action_view_mods.rb:11:in `render_with_haml'
  app/views/layouts/application.html.haml:15:in `_app_views_layouts_application_html_haml__1135806164931552419_70283769679280'
  (gem) actionpack-3.2.11/lib/action_view/template.rb:145:in `block in render'
  (gem) activesupport-3.2.11/lib/active_support/notifications.rb:125:in `instrument'
  (gem) actionpack-3.2.11/lib/action_view/template.rb:143:in `render'
  (gem) actionpack-3.2.11/lib/action_view/renderer/template_renderer.rb:59:in `render_with_layout'
  (gem) actionpack-3.2.11/lib/action_view/renderer/template_renderer.rb:45:in `render_template'
  (gem) actionpack-3.2.11/lib/action_view/renderer/template_renderer.rb:18:in `render'
  (gem) actionpack-3.2.11/lib/action_view/renderer/renderer.rb:36:in `render_template'
  (gem) actionpack-3.2.11/lib/action_view/renderer/renderer.rb:17:in `render'
  (gem) actionpack-3.2.11/lib/abstract_controller/rendering.rb:110:in `_render_template'
  (gem) actionpack-3.2.11/lib/action_controller/metal/streaming.rb:225:in `_render_template'
  (gem) actionpack-3.2.11/lib/abstract_controller/rendering.rb:103:in `render_to_body'
  (gem) actionpack-3.2.11/lib/action_controller/metal/renderers.rb:28:in `render_to_body'
  (gem) actionpack-3.2.11/lib/action_controller/metal/compatibility.rb:50:in `render_to_body'
  (gem) actionpack-3.2.11/lib/abstract_controller/rendering.rb:88:in `render'
  (gem) actionpack-3.2.11/lib/action_controller/metal/rendering.rb:16:in `render'
  (gem) actionpack-3.2.11/lib/action_controller/metal/instrumentation.rb:40:in `block (2 levels) in render'
  (gem) activesupport-3.2.11/lib/active_support/core_ext/benchmark.rb:5:in `block in ms'
  /Users/wrburgess/.rvm/rubies/ruby-1.9.3-p194/lib/ruby/1.9.1/benchmark.rb:295:in `realtime'
  (gem) activesupport-3.2.11/lib/active_support/core_ext/benchmark.rb:5:in `ms'
  (gem) actionpack-3.2.11/lib/action_controller/metal/instrumentation.rb:40:in `block in render'
  (gem) actionpack-3.2.11/lib/action_controller/metal/instrumentation.rb:83:in `cleanup_view_runtime'
  (gem) activerecord-3.2.11/lib/active_record/railties/controller_runtime.rb:24:in `cleanup_view_runtime'
  (gem) actionpack-3.2.11/lib/action_controller/metal/instrumentation.rb:39:in `render'
  (gem) actionpack-3.2.11/lib/action_controller/metal/implicit_render.rb:10:in `default_render'
  (gem) actionpack-3.2.11/lib/action_controller/metal/implicit_render.rb:5:in `send_action'
  (gem) actionpack-3.2.11/lib/abstract_controller/base.rb:167:in `process_action'
  (gem) actionpack-3.2.11/lib/action_controller/metal/rendering.rb:10:in `process_action'
  (gem) actionpack-3.2.11/lib/abstract_controller/callbacks.rb:18:in `block in process_action'
  (gem) activesupport-3.2.11/lib/active_support/callbacks.rb:414:in `_run__269404223262751038__process_action__4263600204722681925__callbacks'
  (gem) activesupport-3.2.11/lib/active_support/callbacks.rb:405:in `__run_callback'
  (gem) activesupport-3.2.11/lib/active_support/callbacks.rb:385:in `_run_process_action_callbacks'
  (gem) activesupport-3.2.11/lib/active_support/callbacks.rb:81:in `run_callbacks'
  (gem) actionpack-3.2.11/lib/abstract_controller/callbacks.rb:17:in `process_action'
  (gem) actionpack-3.2.11/lib/action_controller/metal/rescue.rb:29:in `process_action'
  (gem) actionpack-3.2.11/lib/action_controller/metal/instrumentation.rb:30:in `block in process_action'
  (gem) activesupport-3.2.11/lib/active_support/notifications.rb:123:in `block in instrument'
  (gem) activesupport-3.2.11/lib/active_support/notifications/instrumenter.rb:20:in `instrument'
  (gem) activesupport-3.2.11/lib/active_support/notifications.rb:123:in `instrument'
  (gem) actionpack-3.2.11/lib/action_controller/metal/instrumentation.rb:29:in `process_action'
  (gem) actionpack-3.2.11/lib/action_controller/metal/params_wrapper.rb:207:in `process_action'
  (gem) activerecord-3.2.11/lib/active_record/railties/controller_runtime.rb:18:in `process_action'
  (gem) actionpack-3.2.11/lib/abstract_controller/base.rb:121:in `process'
  (gem) actionpack-3.2.11/lib/abstract_controller/rendering.rb:45:in `process'
  (gem) actionpack-3.2.11/lib/action_controller/metal.rb:203:in `dispatch'
  (gem) actionpack-3.2.11/lib/action_controller/metal/rack_delegation.rb:14:in `dispatch'
  (gem) actionpack-3.2.11/lib/action_controller/metal.rb:246:in `block in action'
  (gem) actionpack-3.2.11/lib/action_dispatch/routing/route_set.rb:73:in `call'
  (gem) actionpack-3.2.11/lib/action_dispatch/routing/route_set.rb:73:in `dispatch'
  (gem) actionpack-3.2.11/lib/action_dispatch/routing/route_set.rb:36:in `call'
  (gem) journey-1.0.4/lib/journey/router.rb:68:in `block in call'
  (gem) journey-1.0.4/lib/journey/router.rb:56:in `each'
  (gem) journey-1.0.4/lib/journey/router.rb:56:in `call'
  (gem) actionpack-3.2.11/lib/action_dispatch/routing/route_set.rb:601:in `call'
  (gem) better_errors-0.3.2/lib/better_errors/middleware.rb:51:in `app_call'
  (gem) better_errors-0.3.2/lib/better_errors/middleware.rb:45:in `call'
  (gem) sass-3.2.5/lib/sass/plugin/rack.rb:54:in `call'
  (gem) actionpack-3.2.11/lib/action_dispatch/middleware/best_standards_support.rb:17:in `call'
  (gem) rack-1.4.4/lib/rack/etag.rb:23:in `call'
  (gem) rack-1.4.4/lib/rack/conditionalget.rb:25:in `call'
  (gem) actionpack-3.2.11/lib/action_dispatch/middleware/head.rb:14:in `call'
  (gem) actionpack-3.2.11/lib/action_dispatch/middleware/params_parser.rb:21:in `call'
  (gem) actionpack-3.2.11/lib/action_dispatch/middleware/flash.rb:242:in `call'
  (gem) rack-1.4.4/lib/rack/session/abstract/id.rb:210:in `context'
  (gem) rack-1.4.4/lib/rack/session/abstract/id.rb:205:in `call'
  (gem) actionpack-3.2.11/lib/action_dispatch/middleware/cookies.rb:341:in `call'
  (gem) activerecord-3.2.11/lib/active_record/query_cache.rb:64:in `call'
  (gem) activerecord-3.2.11/lib/active_record/connection_adapters/abstract/connection_pool.rb:479:in `call'
  (gem) actionpack-3.2.11/lib/action_dispatch/middleware/callbacks.rb:28:in `block in call'
  (gem) activesupport-3.2.11/lib/active_support/callbacks.rb:405:in `_run__1009168117694903893__call__1145737428090930279__callbacks'
  (gem) activesupport-3.2.11/lib/active_support/callbacks.rb:405:in `__run_callback'
  (gem) activesupport-3.2.11/lib/active_support/callbacks.rb:385:in `_run_call_callbacks'
  (gem) activesupport-3.2.11/lib/active_support/callbacks.rb:81:in `run_callbacks'
  (gem) actionpack-3.2.11/lib/action_dispatch/middleware/callbacks.rb:27:in `call'
  (gem) actionpack-3.2.11/lib/action_dispatch/middleware/reloader.rb:65:in `call'
  (gem) actionpack-3.2.11/lib/action_dispatch/middleware/remote_ip.rb:31:in `call'
  (gem) actionpack-3.2.11/lib/action_dispatch/middleware/debug_exceptions.rb:16:in `call'
  (gem) actionpack-3.2.11/lib/action_dispatch/middleware/show_exceptions.rb:56:in `call'
  (gem) railties-3.2.11/lib/rails/rack/logger.rb:32:in `call_app'
  (gem) railties-3.2.11/lib/rails/rack/logger.rb:16:in `block in call'
  (gem) activesupport-3.2.11/lib/active_support/tagged_logging.rb:22:in `tagged'
  (gem) railties-3.2.11/lib/rails/rack/logger.rb:16:in `call'
  (gem) actionpack-3.2.11/lib/action_dispatch/middleware/request_id.rb:22:in `call'
  (gem) rack-1.4.4/lib/rack/methodoverride.rb:21:in `call'
  (gem) rack-1.4.4/lib/rack/runtime.rb:17:in `call'
  (gem) activesupport-3.2.11/lib/active_support/cache/strategy/local_cache.rb:72:in `call'
  (gem) rack-1.4.4/lib/rack/lock.rb:15:in `call'
  (gem) actionpack-3.2.11/lib/action_dispatch/middleware/static.rb:62:in `call'
  (gem) railties-3.2.11/lib/rails/engine.rb:479:in `call'
  (gem) railties-3.2.11/lib/rails/application.rb:223:in `call'
  (gem) railties-3.2.11/lib/rails/railtie/configurable.rb:30:in `method_missing'
  /Users/wrburgess/Library/Application Support/Pow/Versions/0.4.0/node_modules/nack/lib/nack/server.rb:147:in `handle'
  /Users/wrburgess/Library/Application Support/Pow/Versions/0.4.0/node_modules/nack/lib/nack/server.rb:99:in `rescue in block (2 levels) in start'
  /Users/wrburgess/Library/Application Support/Pow/Versions/0.4.0/node_modules/nack/lib/nack/server.rb:96:in `block (2 levels) in start'
  /Users/wrburgess/Library/Application Support/Pow/Versions/0.4.0/node_modules/nack/lib/nack/server.rb:86:in `each'
  /Users/wrburgess/Library/Application Support/Pow/Versions/0.4.0/node_modules/nack/lib/nack/server.rb:86:in `block in start'
  /Users/wrburgess/Library/Application Support/Pow/Versions/0.4.0/node_modules/nack/lib/nack/server.rb:66:in `loop'
  /Users/wrburgess/Library/Application Support/Pow/Versions/0.4.0/node_modules/nack/lib/nack/server.rb:66:in `start'
  /Users/wrburgess/Library/Application Support/Pow/Versions/0.4.0/node_modules/nack/lib/nack/server.rb:13:in `run'
  /Users/wrburgess/Library/Application Support/Pow/Versions/0.4.0/node_modules/nack/bin/nack_worker:4:in `<main>'



Started POST "/__better_errors/70283728877000/variables" for 127.0.0.1 at 2013-01-23 19:42:32 -0600


Started GET "/" for 127.0.0.1 at 2013-01-23 19:42:56 -0600
Processing by Browser::StaticController#index as HTML
  Rendered browser/static/index.html.haml within layouts/application (0.1ms)
Completed 200 OK in 9ms (Views: 8.6ms | ActiveRecord: 0.0ms)


Started GET "/assets/style.css?body=1" for 127.0.0.1 at 2013-01-23 19:42:56 -0600
Served asset /style.css - 200 OK (2ms)


Started GET "/assets/lib/rails.js?body=1" for 127.0.0.1 at 2013-01-23 19:42:56 -0600
Served asset /lib/rails.js - 200 OK (2ms)


Started GET "/assets/application.js?body=1" for 127.0.0.1 at 2013-01-23 19:42:56 -0600
Served asset /application.js - 200 OK (4ms)


Started GET "/assets/application.css?body=1" for 127.0.0.1 at 2013-01-23 19:42:59 -0600
Connecting to database specified by database.yml
Served asset /application.css - 200 OK (2ms)


Started GET "/assets/lib/jquery-1.9.0.js?body=1" for 127.0.0.1 at 2013-01-23 19:42:59 -0600
Served asset /lib/jquery-1.9.0.js - 200 OK (1ms)


Started GET "/" for 127.0.0.1 at 2013-01-23 19:43:27 -0600
Processing by Browser::StaticController#index as HTML
  Rendered browser/static/index.html.haml within layouts/application (0.1ms)
Completed 200 OK in 7ms (Views: 6.7ms | ActiveRecord: 0.0ms)


Started GET "/assets/application.css?body=1" for 127.0.0.1 at 2013-01-23 19:43:27 -0600


Started GET "/assets/lib/rails.js?body=1" for 127.0.0.1 at 2013-01-23 19:43:27 -0600
Served asset /lib/rails.js - 304 Not Modified (1ms)
Served asset /application.css - 304 Not Modified (2ms)


Started GET "/assets/lib/jquery-1.9.0.js?body=1" for 127.0.0.1 at 2013-01-23 19:43:27 -0600


Started GET "/assets/style.css?body=1" for 127.0.0.1 at 2013-01-23 19:43:27 -0600
Served asset /lib/jquery-1.9.0.js - 304 Not Modified (0ms)
Served asset /style.css - 304 Not Modified (0ms)


Started GET "/assets/application.js?body=1" for 127.0.0.1 at 2013-01-23 19:43:27 -0600
Served asset /application.js - 304 Not Modified (3ms)


Started GET "/" for 127.0.0.1 at 2013-01-23 19:43:42 -0600
Processing by Browser::StaticController#index as HTML
  Rendered browser/static/index.html.haml within layouts/application (0.1ms)
Completed 200 OK in 4ms (Views: 3.8ms | ActiveRecord: 0.0ms)


Started GET "/assets/application.css?body=1" for 127.0.0.1 at 2013-01-23 19:43:42 -0600


Started GET "/assets/lib/rails.js?body=1" for 127.0.0.1 at 2013-01-23 19:43:42 -0600
Served asset /application.css - 304 Not Modified (0ms)
Served asset /lib/rails.js - 304 Not Modified (0ms)


Started GET "/assets/lib/jquery-1.9.0.js?body=1" for 127.0.0.1 at 2013-01-23 19:43:42 -0600


Started GET "/assets/style.css?body=1" for 127.0.0.1 at 2013-01-23 19:43:42 -0600
Served asset /style.css - 304 Not Modified (1ms)
Served asset /lib/jquery-1.9.0.js - 304 Not Modified (38ms)


Started GET "/assets/application.js?body=1" for 127.0.0.1 at 2013-01-23 19:43:42 -0600
Served asset /application.js - 304 Not Modified (0ms)


Started GET "/" for 127.0.0.1 at 2013-01-23 19:47:45 -0600
Processing by Browser::StaticController#index as HTML
  Rendered browser/static/index.html.haml within layouts/browser (0.1ms)
  Rendered browser/_nav.html.haml (1.9ms)
Completed 200 OK in 11ms (Views: 10.4ms | ActiveRecord: 0.0ms)




Started GET "/assets/application.css?body=1" for 127.0.0.1 at 2013-01-23 19:47:45 -0600
Started GET "/assets/lib/rails.js?body=1" for 127.0.0.1 at 2013-01-23 19:47:45 -0600
Served asset /application.css - 304 Not Modified (0ms)
Served asset /lib/rails.js - 304 Not Modified (0ms)


Started GET "/assets/lib/jquery-1.9.0.js?body=1" for 127.0.0.1 at 2013-01-23 19:47:45 -0600


Started GET "/assets/style.css?body=1" for 127.0.0.1 at 2013-01-23 19:47:45 -0600
Served asset /lib/jquery-1.9.0.js - 304 Not Modified (0ms)
Served asset /style.css - 304 Not Modified (0ms)


Started GET "/assets/application.js?body=1" for 127.0.0.1 at 2013-01-23 19:47:45 -0600
Served asset /application.js - 304 Not Modified (0ms)
